<?xml version="1.0" encoding="UTF-8"?>
<!-- Generated by org.testng.reporters.JUnitReportReporter -->
<testsuite hostname="DESKTOP-5HDMOT8" failures="0" tests="3" name="seleniumgridPractice.GridPractice" time="24.486" errors="0" timestamp="2023-03-28T18:35:40 IST" skipped="0">
  <testcase classname="seleniumgridPractice.GridPractice" name="testOrangeHRMOnChrome" time="11.052"/>
  <system-out/>
  <testcase classname="seleniumgridPractice.GridPractice" name="testGoogleOnEdge" time="10.595"/>
  <system-out/>
  <testcase classname="seleniumgridPractice.GridPractice" name="testFacebookOnFirefox" time="2.839"/>
  <system-out/>
</testsuite> <!-- seleniumgridPractice.GridPractice -->
